<?xml version="1.0" encoding="UTF-8"?>
<!-- Generated by org.testng.reporters.JUnitReportReporter -->
<testsuite skipped="0" hostname="innoraft-Lenovo-G50-70" name="com.zoopla.qa.Testcases.ForSalePropPageTest" tests="2" failures="0" timestamp="06 Apr 2019 12:30:45 GMT" time="49.960" errors="0">
  <testcase name="verifyForSalePageTitleTest" time="24.599" classname="com.zoopla.qa.Testcases.ForSalePropPageTest"/>
  <testcase name="getPriceTextTest" time="25.361" classname="com.zoopla.qa.Testcases.ForSalePropPageTest"/>
</testsuite> <!-- com.zoopla.qa.Testcases.ForSalePropPageTest -->
