<?xml version="1.0" encoding="UTF-8"?>
<!-- Generated by org.testng.reporters.JUnitReportReporter -->
<testsuite skipped="0" hostname="innoraft-Lenovo-G50-70" name="com.zoopla.qa.Testcases.HomePageTest" tests="2" failures="0" timestamp="06 Apr 2019 07:37:53 GMT" time="31.078" errors="0">
  <testcase name="validateHomePageTitleTest" time="13.111" classname="com.zoopla.qa.Testcases.HomePageTest"/>
  <testcase name="forSaleSercchTest" time="17.967" classname="com.zoopla.qa.Testcases.HomePageTest"/>
</testsuite> <!-- com.zoopla.qa.Testcases.HomePageTest -->
